-------------------------------------------------------------------------------
Test set: testRunners.RunCukesTest
-------------------------------------------------------------------------------
Tests run: 1, Failures: 1, Errors: 0, Skipped: 0, Time elapsed: 31.42 s <<< FAILURE! - in testRunners.RunCukesTest
validate home page landing(Validate Elements in Practice Page)  Time elapsed: 30.444 s  <<< FAILURE!
java.lang.AssertionError

