<?xml version="1.0" encoding="UTF-8"?>
<testsuite xmlns:xsi="http://www.w3.org/2001/XMLSchema-instance" xsi:noNamespaceSchemaLocation="https://maven.apache.org/surefire/maven-surefire-plugin/xsd/surefire-test-report.xsd" name="testRunners.RunCukesTest" time="31.42" tests="1" errors="0" skipped="0" failures="1">
  <properties>
[...]
</properties>
  <testcase name="validate home page landing" classname="Validate Elements in Practice Page" time="30.444">
    <failure type="java.lang.AssertionError">java.lang.AssertionError
</failure>
    <system-out><![CDATA[
@homepage
Scenario: validate home page landing                                        &amp#27;[90m# src/test/resources/features/PracticePage.feature:3&amp#27;[0m
Window Title:Home | Let's Kode It
  &amp#27;[32mGiven &amp#27;[0m&amp#27;[32mI navigate to "&amp#27;[0m&amp#27;[32m&amp#27;[1mhttps://learn.letskodeit.com/&amp#27;[0m&amp#27;[32m" url&amp#27;[0m                   &amp#27;[90m# stepDefs.GenericStepDefs.i_navigate_to_url(java.lang.String)&amp#27;[0m
  &amp#27;[32mThen &amp#27;[0m&amp#27;[32mI validate enrollNow is displayed&amp#27;[0m                                    &amp#27;[90m# stepDefs.GenericStepDefs.i_validate_enroll()&amp#27;[0m
  &amp#27;[31mAnd &amp#27;[0m&amp#27;[31mI validate home image source is "&amp#27;[0m&amp#27;[31m&amp#27;[1mhttps://process.fs.teachablecdn.com&amp#27;[0m&amp#27;[31m"&amp#27;[0m &amp#27;[90m# stepDefs.GenericStepDefs.i_validate_homeimg_src(java.lang.String)&amp#27;[0m
      &amp#27;[31mjava.lang.AssertionError
	at PageFactory.HomePage.validateHomeSrc(HomePage.java:31)
	at stepDefs.GenericStepDefs.i_validate_homeimg_src(GenericStepDefs.java:68)
	at ?.I validate home image source is "https://process.fs.teachablecdn.com"(file:///C:/Users/HT%20Electronics/NA_Bootcamp_Test/src/test/resources/features/PracticePage.feature:7)
&amp#27;[0m
]]></system-out>
    <system-err><![CDATA[Apr 11, 2020 4:28:25 AM io.cucumber.core.options.CucumberPropertiesParser parse
WARNING: Passing commandline options via the property `cucumber.options` has been deprecatedin favour of explicitly using property names.
Please use these instead: [cucumber.ansi-colors.disabled, cucumber.execution.dry-run, cucumber.execution.limit, cucumber.execution.order, cucumber.execution.strict, cucumber.execution.wip, cucumber.features, cucumber.filter.name, cucumber.filter.tags, cucumber.glue, cucumber.object-factory, cucumber.plugin, cucumber.snippet-type]
Apr 11, 2020 4:28:25 AM io.cucumber.junit.Cucumber <init>
WARNING: By default Cucumber is running in --non-strict mode.
This default will change to --strict and --non-strict will be removed.
You can use --strict or @CucumberOptions(strict = true) to suppress this warning
1586597309003	mozrunner::runner	INFO	Running command: "C:\\Program Files (x86)\\Mozilla Firefox\\firefox.exe" "-marionette" "-foreground" "-no-remote" "-profile" "C:\\Users\\HTELEC~1\\AppData\\Local\\Temp\\rust_mozprofileON7YIl"
1586597309840	addons.webextension.doh-rollout@mozilla.org	WARN	Loading extension 'doh-rollout@mozilla.org': Reading manifest: Invalid extension permission: networkStatus
1586597311741	addons.webextension.screenshots@mozilla.org	WARN	Loading extension 'screenshots@mozilla.org': Reading manifest: Invalid extension permission: mozillaAddons
1586597311741	addons.webextension.screenshots@mozilla.org	WARN	Loading extension 'screenshots@mozilla.org': Reading manifest: Invalid extension permission: telemetry
1586597311741	addons.webextension.screenshots@mozilla.org	WARN	Loading extension 'screenshots@mozilla.org': Reading manifest: Invalid extension permission: resource://pdf.js/
1586597311742	addons.webextension.screenshots@mozilla.org	WARN	Loading extension 'screenshots@mozilla.org': Reading manifest: Invalid extension permission: about:reader*
JavaScript error: resource://gre/modules/XULStore.jsm, line 66: Error: Can't find profile directory.
1586597316424	Marionette	INFO	Listening on port 63896
Apr 11, 2020 4:28:36 AM org.openqa.selenium.remote.ProtocolHandshake createSession
INFO: Detected dialect: W3C
1586597325669	Marionette	INFO	Stopped listening on port 63896

###!!! [Child][RunMessage] Error: Channel closing: too late to send/recv, messages will be lost


###!!! [Child][MessageChannel::SendAndWait] Error: Channel error: cannot send/recv

]]></system-err>
  </testcase>
</testsuite>